
===============================
SQLTools Server started!
Using node runtime?: false
ExecPath: /usr/lib/electron6/electron
===============================

Request connection/GetConnectionsRequest received
Request connection/GetConnectionsRequest received
Request connection/GetConnectionsRequest received
Request connection/GetConnectionsRequest received
Request connection/GetConnectionsRequest received
Request connection/GetConnectionsRequest received
Request connection/GetConnectionsRequest received
Request connection/GetConnectionsRequest received
Request connection/GetConnectionsRequest received
Request connection/GetConnectionsRequest received
Request connection/GetConnectionsRequest received
Request connection/GetConnectionsRequest received
Request connection/GetConnectionsRequest received
Request connection/GetConnectionsRequest received
Request connection/GetConnectionsRequest received
Request connection/GetConnectionsRequest received
Request connection/GetConnectionsRequest received
Request connection/GetConnectionsRequest received
