[2020-01-27 17:20:54.211] [exthost] [info] extension host started
[2020-01-27 17:20:54.226] [exthost] [info] ExtensionService#_doActivateExtension vscode.debug-auto-launch {"startup":true,"extensionId":{"value":"vscode.debug-auto-launch","_lower":"vscode.debug-auto-launch"},"activationEvent":"*"}
[2020-01-27 17:20:54.227] [exthost] [info] ExtensionService#loadCommonJSModule file:///usr/lib/code/extensions/debug-auto-launch/dist/extension
[2020-01-27 17:20:54.231] [exthost] [info] ExtensionService#_doActivateExtension vscode.emmet {"startup":true,"extensionId":{"value":"vscode.emmet","_lower":"vscode.emmet"},"activationEvent":"*"}
[2020-01-27 17:20:54.231] [exthost] [info] ExtensionService#loadCommonJSModule file:///usr/lib/code/extensions/emmet/dist/extension
[2020-01-27 17:20:54.256] [exthost] [info] ExtensionService#_doActivateExtension vscode.git {"startup":true,"extensionId":{"value":"vscode.git","_lower":"vscode.git"},"activationEvent":"*"}
[2020-01-27 17:20:54.256] [exthost] [info] ExtensionService#loadCommonJSModule file:///usr/lib/code/extensions/git/dist/main
[2020-01-27 17:20:54.300] [exthost] [info] ExtensionService#_doActivateExtension vscode.merge-conflict {"startup":true,"extensionId":{"value":"vscode.merge-conflict","_lower":"vscode.merge-conflict"},"activationEvent":"*"}
[2020-01-27 17:20:54.300] [exthost] [info] ExtensionService#loadCommonJSModule file:///usr/lib/code/extensions/merge-conflict/dist/extension
[2020-01-27 17:20:54.303] [exthost] [info] ExtensionService#_doActivateExtension vscode.search-result {"startup":true,"extensionId":{"value":"vscode.search-result","_lower":"vscode.search-result"},"activationEvent":"*"}
[2020-01-27 17:20:54.303] [exthost] [info] ExtensionService#loadCommonJSModule file:///usr/lib/code/extensions/search-result/dist/extension.js
[2020-01-27 17:20:54.304] [exthost] [info] ExtensionService#_doActivateExtension auiworks.amvim {"startup":true,"extensionId":{"value":"auiworks.amvim","_lower":"auiworks.amvim"},"activationEvent":"*"}
[2020-01-27 17:20:54.304] [exthost] [info] ExtensionService#loadCommonJSModule file:///home/kbr/.vscode-oss/extensions/auiworks.amvim-1.30.0/out/src/extension
[2020-01-27 17:20:54.353] [exthost] [info] ExtensionService#_doActivateExtension esbenp.prettier-vscode {"startup":true,"extensionId":{"value":"esbenp.prettier-vscode","_lower":"esbenp.prettier-vscode"},"activationEvent":"*"}
[2020-01-27 17:20:54.353] [exthost] [info] ExtensionService#loadCommonJSModule file:///home/kbr/.vscode-oss/extensions/esbenp.prettier-vscode-3.18.0/dist/extension
[2020-01-27 17:20:54.431] [exthost] [info] ExtensionService#_doActivateExtension mtxr.sqltools {"startup":true,"extensionId":{"value":"mtxr.sqltools","_lower":"mtxr.sqltools"},"activationEvent":"*"}
[2020-01-27 17:20:54.431] [exthost] [info] ExtensionService#loadCommonJSModule file:///home/kbr/.vscode-oss/extensions/mtxr.sqltools-0.21.6/extension.js
[2020-01-27 17:20:54.484] [exthost] [info] ExtensionService#_doActivateExtension vscodevim.vim {"startup":true,"extensionId":{"value":"vscodevim.vim","_lower":"vscodevim.vim"},"activationEvent":"*"}
[2020-01-27 17:20:54.484] [exthost] [info] ExtensionService#loadCommonJSModule file:///home/kbr/.vscode-oss/extensions/vscodevim.vim-1.12.4/out/extension
[2020-01-27 17:20:54.726] [exthost] [info] eager extensions activated
[2020-01-27 17:20:54.848] [exthost] [error] Activating extension vscodevim.vim failed due to an error:
[2020-01-27 17:20:54.850] [exthost] [error] Error: command 'type' already exists
	at v.registerCommand (/usr/lib/code/out/vs/workbench/services/extensions/node/extensionHostProcess.js:537:688)
	at Object.registerCommand (/usr/lib/code/out/vs/workbench/services/extensions/node/extensionHostProcess.js:763:697)
	at overrideCommand (/home/kbr/.vscode-oss/extensions/vscodevim.vim-1.12.4/out/extension.js:367:40)
	at /home/kbr/.vscode-oss/extensions/vscodevim.vim-1.12.4/out/extension.js:241:9
	at Generator.next (<anonymous>)
	at fulfilled (/home/kbr/.vscode-oss/extensions/vscodevim.vim-1.12.4/out/extension.js:5:58)
